Temp/gradleOut/unityLibrary/build/intermediates/manifest_merge_blame_file/release/manifest-merger-blame-release-report.txt
1<?xml version="1.0" encoding="utf-8"?>
2<!-- GENERATED BY UNITY. REMOVE THIS COMMENT TO PREVENT OVERWRITING WHEN EXPORTING AGAIN -->
3<manifest xmlns:android="http://schemas.android.com/apk/res/android"
4    xmlns:tools="http://schemas.android.com/tools"
5    package="com.unity3d.player"
6    android:versionCode="1"
7    android:versionName="0.1" >
8
9    <uses-sdk
10        android:minSdkVersion="26"
10-->src\main\AndroidManifest.xml
11        android:targetSdkVersion="29" />
11-->src\main\AndroidManifest.xml
12
13    <uses-feature android:glEsVersion="0x00030000" />
13-->src\main\AndroidManifest.xml:21:3-52
13-->src\main\AndroidManifest.xml:21:17-49
14
15    <uses-permission android:name="android.permission.INTERNET" />
15-->src\main\AndroidManifest.xml:22:3-65
15-->src\main\AndroidManifest.xml:22:20-62
16
17    <uses-feature
17-->src\main\AndroidManifest.xml:23:3-88
18        android:name="android.hardware.touchscreen"
18-->src\main\AndroidManifest.xml:23:17-60
19        android:required="false" />
19-->src\main\AndroidManifest.xml:23:61-85
20    <uses-feature
20-->src\main\AndroidManifest.xml:24:3-99
21        android:name="android.hardware.touchscreen.multitouch"
21-->src\main\AndroidManifest.xml:24:17-71
22        android:required="false" />
22-->src\main\AndroidManifest.xml:24:72-96
23    <uses-feature
23-->src\main\AndroidManifest.xml:25:3-108
24        android:name="android.hardware.touchscreen.multitouch.distinct"
24-->src\main\AndroidManifest.xml:25:17-80
25        android:required="false" />
25-->src\main\AndroidManifest.xml:25:81-105
26
27    <uses-permission android:name="android.permission.CAMERA" />
27-->src\main\AndroidManifest.xml:26:3-63
27-->src\main\AndroidManifest.xml:26:20-60
28
29    <uses-feature
29-->src\main\AndroidManifest.xml:27:3-85
30        android:name="android.hardware.camera.ar"
30-->src\main\AndroidManifest.xml:27:17-58
31        android:required="true" />
31-->src\main\AndroidManifest.xml:27:59-82
32    <uses-feature
32-->src\main\AndroidManifest.xml:28:3-83
33        android:name="com.google.ar.core.depth"
33-->src\main\AndroidManifest.xml:28:17-56
34        android:required="true" />
34-->src\main\AndroidManifest.xml:28:57-80
35
36    <application>
36-->src\main\AndroidManifest.xml:4:3-20:17
37        <activity
37-->src\main\AndroidManifest.xml:5:5-12:16
38            android:name="com.unity3d.player.UnityPlayerActivity"
38-->src\main\AndroidManifest.xml:5:15-68
39            android:configChanges="mcc|mnc|locale|touchscreen|keyboard|keyboardHidden|navigation|orientation|screenLayout|uiMode|screenSize|smallestScreenSize|fontScale|layoutDirection|density"
39-->src\main\AndroidManifest.xml:5:186-367
40            android:hardwareAccelerated="false"
40-->src\main\AndroidManifest.xml:5:403-438
41            android:launchMode="singleTask"
41-->src\main\AndroidManifest.xml:5:154-185
42            android:resizeableActivity="false"
42-->src\main\AndroidManifest.xml:5:368-402
43            android:screenOrientation="sensorPortrait"
43-->src\main\AndroidManifest.xml:5:111-153
44            android:theme="@style/UnityThemeSelector" >
44-->src\main\AndroidManifest.xml:5:69-110
45            <intent-filter>
45-->src\main\AndroidManifest.xml:6:7-9:23
46                <action android:name="android.intent.action.MAIN" />
46-->src\main\AndroidManifest.xml:7:9-61
46-->src\main\AndroidManifest.xml:7:17-58
47
48                <category android:name="android.intent.category.LAUNCHER" />
48-->src\main\AndroidManifest.xml:8:9-69
48-->src\main\AndroidManifest.xml:8:19-66
49            </intent-filter>
50
51            <meta-data
51-->src\main\AndroidManifest.xml:10:7-82
52                android:name="unityplayer.UnityActivity"
52-->src\main\AndroidManifest.xml:10:18-58
53                android:value="true" />
53-->src\main\AndroidManifest.xml:10:59-79
54            <meta-data
54-->src\main\AndroidManifest.xml:11:7-78
55                android:name="android.notch_support"
55-->src\main\AndroidManifest.xml:11:18-54
56                android:value="true" />
56-->src\main\AndroidManifest.xml:11:55-75
57        </activity>
58
59        <meta-data
59-->src\main\AndroidManifest.xml:13:5-69
60            android:name="unity.splash-mode"
60-->src\main\AndroidManifest.xml:13:16-48
61            android:value="0" />
61-->src\main\AndroidManifest.xml:13:49-66
62        <meta-data
62-->src\main\AndroidManifest.xml:14:5-74
63            android:name="unity.splash-enable"
63-->src\main\AndroidManifest.xml:14:16-50
64            android:value="True" />
64-->src\main\AndroidManifest.xml:14:51-71
65        <meta-data
65-->src\main\AndroidManifest.xml:15:5-84
66            android:name="unity.allow-resizable-window"
66-->src\main\AndroidManifest.xml:15:16-59
67            android:value="False" />
67-->src\main\AndroidManifest.xml:15:60-81
68        <meta-data
68-->src\main\AndroidManifest.xml:16:5-81
69            android:name="notch.config"
69-->src\main\AndroidManifest.xml:16:16-43
70            android:value="portrait|landscape" />
70-->src\main\AndroidManifest.xml:16:44-78
71        <meta-data
71-->src\main\AndroidManifest.xml:17:5-101
72            android:name="unity.build-id"
72-->src\main\AndroidManifest.xml:17:16-45
73            android:value="040ad659-0435-4a45-8a60-a43ab3cb635e" />
73-->src\main\AndroidManifest.xml:17:46-98
74        <meta-data
74-->src\main\AndroidManifest.xml:18:5-88
75            android:name="unityplayer.SkipPermissionsDialog"
75-->src\main\AndroidManifest.xml:18:16-64
76            android:value="true" />
76-->src\main\AndroidManifest.xml:18:65-85
77        <meta-data
77-->src\main\AndroidManifest.xml:19:5-77
78            android:name="com.google.ar.core"
78-->src\main\AndroidManifest.xml:19:16-49
79            android:value="required" />
79-->src\main\AndroidManifest.xml:19:50-74
80    </application>
81
82</manifest>